<?xml version="1.0" encoding="UTF-8"?>
<testsuites>
  <testsuite name="" tests="16" assertions="16" errors="0" warnings="0" failures="0" skipped="0" time="0.020218">
    <testsuite name="Project Test Suite" tests="16" assertions="16" errors="0" warnings="0" failures="0" skipped="0" time="0.020218">
      <testsuite name="App\Deck\DeckFuncTest" file="/home/alno17/dbwebb-kurser/mvc/me/report/tests/Deck/DeckFuncTest.php" tests="2" assertions="2" errors="0" warnings="0" failures="0" skipped="0" time="0.011174">
        <testcase name="testRemove" class="App\Deck\DeckFuncTest" classname="App.Deck.DeckFuncTest" file="/home/alno17/dbwebb-kurser/mvc/me/report/tests/Deck/DeckFuncTest.php" line="11" assertions="1" time="0.010798"/>
        <testcase name="testRecreate" class="App\Deck\DeckFuncTest" classname="App.Deck.DeckFuncTest" file="/home/alno17/dbwebb-kurser/mvc/me/report/tests/Deck/DeckFuncTest.php" line="18" assertions="1" time="0.000376"/>
      </testsuite>
      <testsuite name="App\Deck\DeckStartTest" file="/home/alno17/dbwebb-kurser/mvc/me/report/tests/Deck/DeckStartTest.php" tests="1" assertions="1" errors="0" warnings="0" failures="0" skipped="0" time="0.000980">
        <testcase name="testCreateCards" class="App\Deck\DeckStartTest" classname="App.Deck.DeckStartTest" file="/home/alno17/dbwebb-kurser/mvc/me/report/tests/Deck/DeckStartTest.php" line="11" assertions="1" time="0.000980"/>
      </testsuite>
      <testsuite name="App\Deck\DeckTest" file="/home/alno17/dbwebb-kurser/mvc/me/report/tests/Deck/DeckTest.php" tests="3" assertions="3" errors="0" warnings="0" failures="0" skipped="0" time="0.004716">
        <testcase name="testCards" class="App\Deck\DeckTest" classname="App.Deck.DeckTest" file="/home/alno17/dbwebb-kurser/mvc/me/report/tests/Deck/DeckTest.php" line="11" assertions="1" time="0.000310"/>
        <testcase name="testShuffle" class="App\Deck\DeckTest" classname="App.Deck.DeckTest" file="/home/alno17/dbwebb-kurser/mvc/me/report/tests/Deck/DeckTest.php" line="17" assertions="1" time="0.004042"/>
        <testcase name="testDraw" class="App\Deck\DeckTest" classname="App.Deck.DeckTest" file="/home/alno17/dbwebb-kurser/mvc/me/report/tests/Deck/DeckTest.php" line="25" assertions="1" time="0.000364"/>
      </testsuite>
      <testsuite name="App\Deck\Game21Test" file="/home/alno17/dbwebb-kurser/mvc/me/report/tests/Deck/Game21Test.php" tests="10" assertions="10" errors="0" warnings="0" failures="0" skipped="0" time="0.003349">
        <testcase name="testTotalScore" class="App\Deck\Game21Test" classname="App.Deck.Game21Test" file="/home/alno17/dbwebb-kurser/mvc/me/report/tests/Deck/Game21Test.php" line="11" assertions="1" time="0.000619"/>
        <testcase name="testTotalScore2" class="App\Deck\Game21Test" classname="App.Deck.Game21Test" file="/home/alno17/dbwebb-kurser/mvc/me/report/tests/Deck/Game21Test.php" line="18" assertions="1" time="0.000318"/>
        <testcase name="testTotalScore3" class="App\Deck\Game21Test" classname="App.Deck.Game21Test" file="/home/alno17/dbwebb-kurser/mvc/me/report/tests/Deck/Game21Test.php" line="25" assertions="1" time="0.000301"/>
        <testcase name="testTotalScore4" class="App\Deck\Game21Test" classname="App.Deck.Game21Test" file="/home/alno17/dbwebb-kurser/mvc/me/report/tests/Deck/Game21Test.php" line="32" assertions="1" time="0.000282"/>
        <testcase name="testTotalScore5" class="App\Deck\Game21Test" classname="App.Deck.Game21Test" file="/home/alno17/dbwebb-kurser/mvc/me/report/tests/Deck/Game21Test.php" line="39" assertions="1" time="0.000279"/>
        <testcase name="testCheckPoints" class="App\Deck\Game21Test" classname="App.Deck.Game21Test" file="/home/alno17/dbwebb-kurser/mvc/me/report/tests/Deck/Game21Test.php" line="46" assertions="1" time="0.000330"/>
        <testcase name="testCheckPoints2" class="App\Deck\Game21Test" classname="App.Deck.Game21Test" file="/home/alno17/dbwebb-kurser/mvc/me/report/tests/Deck/Game21Test.php" line="60" assertions="1" time="0.000305"/>
        <testcase name="testCheckAces" class="App\Deck\Game21Test" classname="App.Deck.Game21Test" file="/home/alno17/dbwebb-kurser/mvc/me/report/tests/Deck/Game21Test.php" line="73" assertions="1" time="0.000297"/>
        <testcase name="testCheckAces2" class="App\Deck\Game21Test" classname="App.Deck.Game21Test" file="/home/alno17/dbwebb-kurser/mvc/me/report/tests/Deck/Game21Test.php" line="86" assertions="1" time="0.000302"/>
        <testcase name="testCheckAces3" class="App\Deck\Game21Test" classname="App.Deck.Game21Test" file="/home/alno17/dbwebb-kurser/mvc/me/report/tests/Deck/Game21Test.php" line="101" assertions="1" time="0.000316"/>
      </testsuite>
    </testsuite>
  </testsuite>
</testsuites>
