<?xml version="1.0" encoding="UTF-8"?>
<testsuites>
  <testsuite name="" tests="20" assertions="20" errors="0" warnings="0" failures="0" skipped="0" time="0.019809">
    <testsuite name="Project Test Suite" tests="20" assertions="20" errors="0" warnings="0" failures="0" skipped="0" time="0.019809">
      <testsuite name="App\Deck\DeckFuncTest" file="/home/alno17/dbwebb-kurser/mvc/me/report/tests/Deck/DeckFuncTest.php" tests="2" assertions="2" errors="0" warnings="0" failures="0" skipped="0" time="0.007785">
        <testcase name="testRemove" class="App\Deck\DeckFuncTest" classname="App.Deck.DeckFuncTest" file="/home/alno17/dbwebb-kurser/mvc/me/report/tests/Deck/DeckFuncTest.php" line="11" assertions="1" time="0.007331"/>
        <testcase name="testRecreate" class="App\Deck\DeckFuncTest" classname="App.Deck.DeckFuncTest" file="/home/alno17/dbwebb-kurser/mvc/me/report/tests/Deck/DeckFuncTest.php" line="18" assertions="1" time="0.000454"/>
      </testsuite>
      <testsuite name="App\Deck\DeckStartTest" file="/home/alno17/dbwebb-kurser/mvc/me/report/tests/Deck/DeckStartTest.php" tests="1" assertions="1" errors="0" warnings="0" failures="0" skipped="0" time="0.001021">
        <testcase name="testCreateCards" class="App\Deck\DeckStartTest" classname="App.Deck.DeckStartTest" file="/home/alno17/dbwebb-kurser/mvc/me/report/tests/Deck/DeckStartTest.php" line="11" assertions="1" time="0.001021"/>
      </testsuite>
      <testsuite name="App\Deck\DeckTest" file="/home/alno17/dbwebb-kurser/mvc/me/report/tests/Deck/DeckTest.php" tests="3" assertions="3" errors="0" warnings="0" failures="0" skipped="0" time="0.005410">
        <testcase name="testCards" class="App\Deck\DeckTest" classname="App.Deck.DeckTest" file="/home/alno17/dbwebb-kurser/mvc/me/report/tests/Deck/DeckTest.php" line="11" assertions="1" time="0.000342"/>
        <testcase name="testShuffle" class="App\Deck\DeckTest" classname="App.Deck.DeckTest" file="/home/alno17/dbwebb-kurser/mvc/me/report/tests/Deck/DeckTest.php" line="17" assertions="1" time="0.004699"/>
        <testcase name="testDraw" class="App\Deck\DeckTest" classname="App.Deck.DeckTest" file="/home/alno17/dbwebb-kurser/mvc/me/report/tests/Deck/DeckTest.php" line="25" assertions="1" time="0.000369"/>
      </testsuite>
      <testsuite name="App\Deck\Game21Test" file="/home/alno17/dbwebb-kurser/mvc/me/report/tests/Deck/Game21Test.php" tests="14" assertions="14" errors="0" warnings="0" failures="0" skipped="0" time="0.005593">
        <testcase name="testTotalScore" class="App\Deck\Game21Test" classname="App.Deck.Game21Test" file="/home/alno17/dbwebb-kurser/mvc/me/report/tests/Deck/Game21Test.php" line="11" assertions="1" time="0.000790"/>
        <testcase name="testTotalScore2" class="App\Deck\Game21Test" classname="App.Deck.Game21Test" file="/home/alno17/dbwebb-kurser/mvc/me/report/tests/Deck/Game21Test.php" line="18" assertions="1" time="0.000391"/>
        <testcase name="testTotalScore3" class="App\Deck\Game21Test" classname="App.Deck.Game21Test" file="/home/alno17/dbwebb-kurser/mvc/me/report/tests/Deck/Game21Test.php" line="25" assertions="1" time="0.000348"/>
        <testcase name="testTotalScore4" class="App\Deck\Game21Test" classname="App.Deck.Game21Test" file="/home/alno17/dbwebb-kurser/mvc/me/report/tests/Deck/Game21Test.php" line="32" assertions="1" time="0.000320"/>
        <testcase name="testTotalScore5" class="App\Deck\Game21Test" classname="App.Deck.Game21Test" file="/home/alno17/dbwebb-kurser/mvc/me/report/tests/Deck/Game21Test.php" line="39" assertions="1" time="0.000326"/>
        <testcase name="testTotalScore6" class="App\Deck\Game21Test" classname="App.Deck.Game21Test" file="/home/alno17/dbwebb-kurser/mvc/me/report/tests/Deck/Game21Test.php" line="46" assertions="1" time="0.000329"/>
        <testcase name="testTotalScore7" class="App\Deck\Game21Test" classname="App.Deck.Game21Test" file="/home/alno17/dbwebb-kurser/mvc/me/report/tests/Deck/Game21Test.php" line="53" assertions="1" time="0.000314"/>
        <testcase name="testCheckPoints" class="App\Deck\Game21Test" classname="App.Deck.Game21Test" file="/home/alno17/dbwebb-kurser/mvc/me/report/tests/Deck/Game21Test.php" line="60" assertions="1" time="0.000342"/>
        <testcase name="testCheckPoints2" class="App\Deck\Game21Test" classname="App.Deck.Game21Test" file="/home/alno17/dbwebb-kurser/mvc/me/report/tests/Deck/Game21Test.php" line="74" assertions="1" time="0.000347"/>
        <testcase name="testCheckAces" class="App\Deck\Game21Test" classname="App.Deck.Game21Test" file="/home/alno17/dbwebb-kurser/mvc/me/report/tests/Deck/Game21Test.php" line="87" assertions="1" time="0.000331"/>
        <testcase name="testCheckAces2" class="App\Deck\Game21Test" classname="App.Deck.Game21Test" file="/home/alno17/dbwebb-kurser/mvc/me/report/tests/Deck/Game21Test.php" line="100" assertions="1" time="0.000344"/>
        <testcase name="testCheckAces3" class="App\Deck\Game21Test" classname="App.Deck.Game21Test" file="/home/alno17/dbwebb-kurser/mvc/me/report/tests/Deck/Game21Test.php" line="115" assertions="1" time="0.000344"/>
        <testcase name="testCheckAcesB" class="App\Deck\Game21Test" classname="App.Deck.Game21Test" file="/home/alno17/dbwebb-kurser/mvc/me/report/tests/Deck/Game21Test.php" line="130" assertions="1" time="0.000354"/>
        <testcase name="testCheckpoints3" class="App\Deck\Game21Test" classname="App.Deck.Game21Test" file="/home/alno17/dbwebb-kurser/mvc/me/report/tests/Deck/Game21Test.php" line="143" assertions="1" time="0.000711"/>
      </testsuite>
    </testsuite>
  </testsuite>
</testsuites>
